<?xml version="1.0" encoding="UTF-8"?>
<!-- Generated by org.testng.reporters.JUnitReportReporter -->
<testsuite skipped="0" hostname="lisahoo-WX-1" name="com.crm.qa.testcases.DatAPRoviderHashMap" tests="3" failures="0" timestamp="08 Feb 2019 09:32:47 GMT" time="155.057" errors="0">
  <testcase name="integrationTest" time="33.666" classname="com.crm.qa.testcases.DatAPRoviderHashMap"/>
  <testcase name="integrationTest" time="3.021" classname="com.crm.qa.testcases.DatAPRoviderHashMap"/>
  <testcase name="integrationTest" time="118.370" classname="com.crm.qa.testcases.DatAPRoviderHashMap"/>
</testsuite> <!-- com.crm.qa.testcases.DatAPRoviderHashMap -->
